2024-12-05 14:33:38,436 CRIT Supervisor is running as root.  Privileges were not dropped because no user is specified in the config file.  If you intend to run as root, you can set user=root in the config file to avoid this message.
2024-12-05 14:33:38,440 INFO supervisord started with pid 1
2024-12-05 14:33:39,449 INFO spawned: 'nginx' with pid 7
2024-12-05 14:33:39,469 INFO spawned: 'php-fpm' with pid 8
2024-12-05 14:33:40,824 INFO success: nginx entered RUNNING state, process has stayed up for > than 1 seconds (startsecs)
2024-12-05 14:33:40,826 INFO success: php-fpm entered RUNNING state, process has stayed up for > than 1 seconds (startsecs)
2024-12-05 15:14:33,914 WARN received SIGQUIT indicating exit request
2024-12-05 15:14:33,926 INFO waiting for nginx, php-fpm to die
2024-12-05 15:14:34,047 INFO stopped: php-fpm (exit status 0)
2024-12-05 15:14:35,125 INFO stopped: nginx (exit status 0)
2024-12-05 15:14:36,430 CRIT Supervisor is running as root.  Privileges were not dropped because no user is specified in the config file.  If you intend to run as root, you can set user=root in the config file to avoid this message.
2024-12-05 15:14:36,434 INFO supervisord started with pid 1
2024-12-05 15:14:37,438 INFO spawned: 'nginx' with pid 7
2024-12-05 15:14:37,446 INFO spawned: 'php-fpm' with pid 8
2024-12-05 15:14:38,583 INFO success: nginx entered RUNNING state, process has stayed up for > than 1 seconds (startsecs)
2024-12-05 15:14:38,583 INFO success: php-fpm entered RUNNING state, process has stayed up for > than 1 seconds (startsecs)
2024-12-05 15:15:20,307 INFO exited: nginx (exit status 0; expected)
2024-12-05 15:15:21,317 INFO spawned: 'nginx' with pid 18
2024-12-05 15:15:22,370 INFO success: nginx entered RUNNING state, process has stayed up for > than 1 seconds (startsecs)
2024-12-05 15:15:28,377 WARN received SIGQUIT indicating exit request
2024-12-05 15:15:28,379 INFO waiting for nginx, php-fpm to die
2024-12-05 15:15:28,437 INFO stopped: php-fpm (exit status 0)
2024-12-05 15:15:28,453 INFO stopped: nginx (exit status 0)
2024-12-05 15:15:33,261 CRIT Supervisor is running as root.  Privileges were not dropped because no user is specified in the config file.  If you intend to run as root, you can set user=root in the config file to avoid this message.
2024-12-05 15:15:33,272 INFO supervisord started with pid 1
2024-12-05 15:15:34,276 INFO spawned: 'nginx' with pid 7
2024-12-05 15:15:34,285 INFO spawned: 'php-fpm' with pid 8
2024-12-05 15:15:35,409 INFO success: nginx entered RUNNING state, process has stayed up for > than 1 seconds (startsecs)
2024-12-05 15:15:35,409 INFO success: php-fpm entered RUNNING state, process has stayed up for > than 1 seconds (startsecs)
2024-12-05 15:48:19,822 WARN received SIGQUIT indicating exit request
2024-12-05 15:48:19,832 INFO waiting for nginx, php-fpm to die
2024-12-05 15:48:19,904 INFO stopped: php-fpm (exit status 0)
2024-12-05 15:48:19,943 INFO stopped: nginx (exit status 0)
2024-12-05 15:52:25,590 CRIT Supervisor is running as root.  Privileges were not dropped because no user is specified in the config file.  If you intend to run as root, you can set user=root in the config file to avoid this message.
2024-12-05 15:52:25,599 INFO supervisord started with pid 1
2024-12-05 15:52:26,612 INFO spawned: 'nginx' with pid 7
2024-12-05 15:52:26,638 INFO spawned: 'php-fpm' with pid 8
2024-12-05 15:52:28,216 INFO success: nginx entered RUNNING state, process has stayed up for > than 1 seconds (startsecs)
2024-12-05 15:52:28,218 INFO success: php-fpm entered RUNNING state, process has stayed up for > than 1 seconds (startsecs)
